<?xml version="1.0" encoding="UTF-8"?>
<!-- Generated by org.testng.reporters.JUnitReportReporter -->
<testsuite hostname="PardhaSaradhi" failures="0" tests="1" name="com.EchoEchoApplicationRadioButtons.RadioButtonsTesting" time="0.526" errors="0" timestamp="2024-02-16T23:48:57 IST" skipped="0">
  <testcase classname="com.EchoEchoApplicationRadioButtons.RadioButtonsTesting" name="group1RadioButtons" time="0.526"/>
</testsuite> <!-- com.EchoEchoApplicationRadioButtons.RadioButtonsTesting -->
