<?xml version="1.0" encoding="UTF-8"?>
<!-- Generated by org.testng.reporters.JUnitReportReporter -->
<testsuite hostname="PardhaSaradhi" failures="0" tests="1" name="com.BaseTest.BaseTest" time="4.287" errors="0" timestamp="2024-02-15T21:23:08 IST" skipped="0">
  <testcase classname="com.BaseTest.BaseTest" name="setup" time="4.287"/>
</testsuite> <!-- com.BaseTest.BaseTest -->
