<?xml version="1.0" encoding="UTF-8"?>
<!-- Generated by org.testng.reporters.JUnitReportReporter -->
<testsuite hostname="PardhaSaradhi" failures="0" tests="2" name="com.Dropdown.Dropdown_BaseTest" time="6.423" errors="0" timestamp="2024-02-16T19:08:16 IST" skipped="0">
  <testcase classname="com.Dropdown.Dropdown_BaseTest" name="setup" time="5.532"/>
  <system-out/>
  <testcase classname="com.Dropdown.Dropdown_BaseTest" name="teardown" time="0.891"/>
  <system-out/>
</testsuite> <!-- com.Dropdown.Dropdown_BaseTest -->
