<?xml version="1.0" encoding="UTF-8"?>
<!-- Generated by org.testng.reporters.JUnitReportReporter -->
<testsuite hostname="PardhaSaradhi" failures="0" tests="1" name="com.ALERTS.TsRts_Alerts" time="5.105" errors="0" timestamp="2024-02-10T11:40:16 IST" skipped="0">
  <testcase classname="com.ALERTS.TsRts_Alerts" name="tsrtcAlertMessage" time="5.105"/>
  <system-out/>
</testsuite> <!-- com.ALERTS.TsRts_Alerts -->
