<?xml version="1.0" encoding="UTF-8"?>
<!-- Generated by org.testng.reporters.JUnitReportReporter -->
<testsuite hostname="PardhaSaradhi" failures="0" tests="1" name="com.webTable.Getting_AllCity_Names" time="6.952" errors="0" timestamp="2024-02-08T17:53:59 IST" skipped="0">
  <testcase classname="com.webTable.Getting_AllCity_Names" name="allColumn_CityNames" time="6.952"/>
  <system-out/>
</testsuite> <!-- com.webTable.Getting_AllCity_Names -->
