<?xml version="1.0" encoding="UTF-8"?>
<!-- Generated by org.testng.reporters.JUnitReportReporter -->
<testsuite hostname="PardhaSaradhi" failures="0" tests="1" name="com.webTable.WebTable_FirstRow_FirstRowCell_GetCityName" time="0.061" errors="0" timestamp="2024-02-08T15:31:06 IST" skipped="0">
  <testcase classname="com.webTable.WebTable_FirstRow_FirstRowCell_GetCityName" name="WebTable_getCityName" time="0.061"/>
  <system-out/>
</testsuite> <!-- com.webTable.WebTable_FirstRow_FirstRowCell_GetCityName -->
