<?xml version="1.0" encoding="UTF-8"?>
<!-- Generated by org.testng.reporters.JUnitReportReporter -->
<testsuite hostname="PardhaSaradhi" failures="0" tests="1" name="com.Dropdown.OsmanialanguageDropDown" time="10.200" errors="0" timestamp="2024-02-16T21:59:44 IST" skipped="0">
  <testcase classname="com.Dropdown.OsmanialanguageDropDown" name="selectlanguage" time="10.200"/>
  <system-out/>
</testsuite> <!-- com.Dropdown.OsmanialanguageDropDown -->
