<?xml version="1.0" encoding="UTF-8"?>
<!-- Generated by org.testng.reporters.JUnitReportReporter -->
<testsuite hostname="PardhaSaradhi" failures="0" tests="2" name="com.OrangeHRM_login_logout_Automation.BaseTest" time="2.781" errors="0" timestamp="2024-02-12T19:01:03 IST" skipped="0">
  <testcase classname="com.OrangeHRM_login_logout_Automation.BaseTest" name="setUp" time="2.119"/>
  <system-out/>
  <testcase classname="com.OrangeHRM_login_logout_Automation.BaseTest" name="TearDown" time="0.662"/>
  <system-out/>
</testsuite> <!-- com.OrangeHRM_login_logout_Automation.BaseTest -->
