<?xml version="1.0" encoding="UTF-8"?>
<!-- Generated by org.testng.reporters.JUnitReportReporter -->
<testsuite hostname="PardhaSaradhi" failures="0" tests="1" name="com.OrangeHRMApplication.loginandlogout" time="19.984" errors="0" timestamp="2024-02-15T17:38:30 IST" skipped="0">
  <testcase classname="com.OrangeHRMApplication.loginandlogout" name="looginTest" time="19.984"/>
  <system-out/>
</testsuite> <!-- com.OrangeHRMApplication.loginandlogout -->
