<?xml version="1.0" encoding="UTF-8"?>
<!-- Generated by org.testng.reporters.JUnitReportReporter -->
<testsuite hostname="PardhaSaradhi" failures="0" tests="2" name="com.Testng.TestngBseTest" time="3.654" errors="0" timestamp="2024-02-08T15:17:00 IST" skipped="0">
  <testcase classname="com.Testng.TestngBseTest" name="browser" time="3.653"/>
  <system-out/>
  <testcase classname="com.Testng.TestngBseTest" name="pardhu" time="0.001"/>
  <system-out/>
</testsuite> <!-- com.Testng.TestngBseTest -->
