<?xml version="1.0" encoding="UTF-8"?>
<!-- Generated by org.testng.reporters.JUnitReportReporter -->
<testsuite hostname="PardhaSaradhi" failures="0" tests="1" name="com.webTable.Firstcolumn_GetCityNames" time="1.093" errors="0" timestamp="2024-02-08T17:20:09 IST" skipped="0">
  <testcase classname="com.webTable.Firstcolumn_GetCityNames" name="firstColumn_CityNames" time="1.093"/>
  <system-out/>
</testsuite> <!-- com.webTable.Firstcolumn_GetCityNames -->
