<?xml version="1.0" encoding="UTF-8"?>
<!-- Generated by org.testng.reporters.JUnitReportReporter -->
<testsuite hostname="PardhaSaradhi" failures="0" tests="1" name="com.OrangeHRM_login_logout_Automation.loginandlogout" time="15.020" errors="0" timestamp="2024-02-13T18:06:38 IST" skipped="0">
  <testcase classname="com.OrangeHRM_login_logout_Automation.loginandlogout" name="looginTest" time="15.020"/>
  <system-out/>
</testsuite> <!-- com.OrangeHRM_login_logout_Automation.loginandlogout -->
