<?xml version="1.0" encoding="UTF-8"?>
<!-- Generated by org.testng.reporters.JUnitReportReporter -->
<testsuite hostname="PardhaSaradhi" failures="0" tests="1" name="com.ALERTS.BaseTest" time="3.039" errors="0" timestamp="2024-02-09T16:55:04 IST" skipped="0">
  <testcase classname="com.ALERTS.BaseTest" name="setup" time="3.039"/>
  <system-out/>
</testsuite> <!-- com.ALERTS.BaseTest -->
