<?xml version="1.0" encoding="UTF-8"?>
<!-- Generated by org.testng.reporters.JUnitReportReporter -->
<testsuite hostname="PardhaSaradhi" failures="0" tests="3" name="com.OrangeHRMApplicationPagesTests.LoginPageTest" time="8.405" errors="0" timestamp="2024-02-17T23:07:50 IST" skipped="0">
  <testcase classname="com.OrangeHRMApplicationPagesTests.LoginPageTest" name="orangeHRMApplicationLOginPage_loginpanelTextTest" time="3.262"/>
  <testcase classname="com.OrangeHRMApplicationPagesTests.LoginPageTest" name="orangeHRMApplicationLOginPage_loginpageLogoTest" time="2.430"/>
  <testcase classname="com.OrangeHRMApplicationPagesTests.LoginPageTest" name="orangeHRMApplicationLOginPage_loginTest" time="2.713"/>
</testsuite> <!-- com.OrangeHRMApplicationPagesTests.LoginPageTest -->
