<?xml version="1.0" encoding="UTF-8"?>
<!-- Generated by org.testng.reporters.JUnitReportReporter -->
<testsuite hostname="PardhaSaradhi" failures="0" tests="2" name="com.BaseTest.BaseTest" time="2.863" errors="0" timestamp="2024-02-17T18:25:15 IST" skipped="0">
  <testcase classname="com.BaseTest.BaseTest" name="setup" time="2.209"/>
  <testcase classname="com.BaseTest.BaseTest" name="teardown" time="0.654"/>
</testsuite> <!-- com.BaseTest.BaseTest -->
